Arguments: 
  /usr/local/Cellar/node/15.12.0/bin/node /usr/local/Cellar/yarn/1.22.10/libexec/bin/yarn.js --verbose

PATH: 
  /Users/madmax/.asdf/bin:/Users/madmax/.asdf/shims:/Users/madmax/.rbenv/shims:/Users/madmax/.pyenv/plugins/pyenv-virtualenv/shims:/Users/madmax/.pyenv/shims:/usr/local/opt/openssl/bin:/Users/madmax/.pyenv/bin:/Users/madmax/.composer/vendor/bin:/usr/local/opt/postgresql@9.6/bin:/usr/local/opt/sqlite/bin:/usr/local/opt/php56/bin:/Users/madmax/bin:/Users/madmax/.rbenv/bin:/Users/madmax/.local/bin:/usr/local/bin:/sbin:/usr/local/sbin:/usr/sbin:/usr/local/bin:/usr/bin:/bin:/usr/sbin:/sbin:/Library/Apple/usr/bin:/usr/local/opt/fzf/bin

Yarn version: 
  1.22.10

Node version: 
  15.12.0

Platform: 
  darwin x64

Trace: 
  Error: https://npm.pkg.github.com/download/@madmax/fontawesome-pro-solid-svg-icons/5.15.3/af4d0c03f653e592792b1490ca66e9b7a5356a6946c29cd11a9c2d94d4fe1b71: Request failed "401 Unauthorized"
      at ResponseError.ExtendableBuiltin (/usr/local/Cellar/yarn/1.22.10/libexec/lib/cli.js:696:66)
      at new ResponseError (/usr/local/Cellar/yarn/1.22.10/libexec/lib/cli.js:802:124)
      at Request.<anonymous> (/usr/local/Cellar/yarn/1.22.10/libexec/lib/cli.js:67058:16)
      at Request.emit (node:events:369:20)
      at Request.module.exports.Request.onRequestResponse (/usr/local/Cellar/yarn/1.22.10/libexec/lib/cli.js:141626:10)
      at ClientRequest.emit (node:events:369:20)
      at HTTPParser.parserOnIncomingClient (node:_http_client:636:27)
      at HTTPParser.parserOnHeadersComplete (node:_http_common:129:17)
      at TLSSocket.socketOnData (node:_http_client:502:22)
      at TLSSocket.emit (node:events:369:20)

npm manifest: 
  {
    "name": "fdb",
    "version": "1.0.0",
    "main": "index.js",
    "repository": "git@ex.xan.pl:fdb.git",
    "author": "Grzegorz Derebecki <grzegorz.derebecki@fdb.pl>",
    "license": "SEE LICENSE IN LICENSE.md",
    "dependencies": {
      "@madmax/fontawesome-pro-solid-svg-icons": "^5.15.3"
    },
    "devDependencies": {}
  }

yarn manifest: 
  No manifest

Lockfile: 
  # THIS IS AN AUTOGENERATED FILE. DO NOT EDIT THIS FILE DIRECTLY.
  # yarn lockfile v1
  
  
  "@fortawesome/fontawesome-common-types@^0.2.35":
    "integrity" "sha512-a/7BiSgobHAgBWeN7N0w+lAhInrGxksn13uK7231n2m8EDPE3BMCl9NZLTGrj9ZXfCmC6LM0QLqXidIizVQ6yg=="
    "resolved" "https://registry.npmjs.org/@fortawesome/fontawesome-common-types/-/fontawesome-common-types-0.2.36.tgz"
    "version" "0.2.36"
  
  "@madmax/fontawesome-pro-solid-svg-icons@^5.15.3":
    "integrity" "sha512-lIJhOi6iNVuQ8QhD2+PAV2ceQVKlt7FvRnJTgUcTw1+u3UjZTMXh5viy29M85tWKn7mu/P68dUALuVwcyoemlw=="
    "resolved" "https://npm.pkg.github.com/download/@madmax/fontawesome-pro-solid-svg-icons/5.15.3/af4d0c03f653e592792b1490ca66e9b7a5356a6946c29cd11a9c2d94d4fe1b71"
    "version" "5.15.3"
    dependencies:
      "@fortawesome/fontawesome-common-types" "^0.2.35"
